{"C:\\Users\\Franc\\Desktop\\Prompt-Practica\\proyectos\\01-Calculadora\\src\\calculator.js": {"path":"C:\\Users\\Franc\\Desktop\\Prompt-Practica\\proyectos\\01-Calculadora\\src\\calculator.js","statementMap":{"0":{"start":{"line":15,"column":4},"end":{"line":15,"column":17}},"1":{"start":{"line":25,"column":4},"end":{"line":25,"column":17}},"2":{"start":{"line":35,"column":4},"end":{"line":35,"column":17}},"3":{"start":{"line":46,"column":4},"end":{"line":48,"column":5}},"4":{"start":{"line":47,"column":8},"end":{"line":47,"column":58}},"5":{"start":{"line":49,"column":4},"end":{"line":49,"column":17}},"6":{"start":{"line":60,"column":4},"end":{"line":99,"column":5}},"7":{"start":{"line":63,"column":8},"end":{"line":78,"column":9}},"8":{"start":{"line":65,"column":16},"end":{"line":65,"column":49}},"9":{"start":{"line":66,"column":16},"end":{"line":66,"column":22}},"10":{"start":{"line":68,"column":16},"end":{"line":68,"column":54}},"11":{"start":{"line":69,"column":16},"end":{"line":69,"column":22}},"12":{"start":{"line":71,"column":16},"end":{"line":71,"column":54}},"13":{"start":{"line":72,"column":16},"end":{"line":72,"column":22}},"14":{"start":{"line":74,"column":16},"end":{"line":74,"column":52}},"15":{"start":{"line":75,"column":16},"end":{"line":75,"column":22}},"16":{"start":{"line":77,"column":16},"end":{"line":77,"column":54}},"17":{"start":{"line":81,"column":8},"end":{"line":83,"column":9}},"18":{"start":{"line":82,"column":12},"end":{"line":82,"column":61}},"19":{"start":{"line":86,"column":8},"end":{"line":86,"column":62}},"20":{"start":{"line":88,"column":8},"end":{"line":92,"column":10}},"21":{"start":{"line":94,"column":8},"end":{"line":98,"column":10}},"22":{"start":{"line":108,"column":4},"end":{"line":108,"column":56}},"23":{"start":{"line":117,"column":4},"end":{"line":119,"column":5}},"24":{"start":{"line":118,"column":8},"end":{"line":118,"column":36}},"25":{"start":{"line":120,"column":4},"end":{"line":120,"column":26}},"26":{"start":{"line":124,"column":0},"end":{"line":132,"column":2}}},"fnMap":{"0":{"name":"add","decl":{"start":{"line":14,"column":9},"end":{"line":14,"column":12}},"loc":{"start":{"line":14,"column":19},"end":{"line":16,"column":1}},"line":14},"1":{"name":"subtract","decl":{"start":{"line":24,"column":9},"end":{"line":24,"column":17}},"loc":{"start":{"line":24,"column":24},"end":{"line":26,"column":1}},"line":24},"2":{"name":"multiply","decl":{"start":{"line":34,"column":9},"end":{"line":34,"column":17}},"loc":{"start":{"line":34,"column":24},"end":{"line":36,"column":1}},"line":34},"3":{"name":"divide","decl":{"start":{"line":45,"column":9},"end":{"line":45,"column":15}},"loc":{"start":{"line":45,"column":22},"end":{"line":50,"column":1}},"line":45},"4":{"name":"calculate","decl":{"start":{"line":59,"column":9},"end":{"line":59,"column":18}},"loc":{"start":{"line":59,"column":49},"end":{"line":100,"column":1}},"line":59},"5":{"name":"isValidNumber","decl":{"start":{"line":107,"column":9},"end":{"line":107,"column":22}},"loc":{"start":{"line":107,"column":30},"end":{"line":109,"column":1}},"line":107},"6":{"name":"formatResult","decl":{"start":{"line":116,"column":9},"end":{"line":116,"column":21}},"loc":{"start":{"line":116,"column":27},"end":{"line":121,"column":1}},"line":116}},"branchMap":{"0":{"loc":{"start":{"line":46,"column":4},"end":{"line":48,"column":5}},"type":"if","locations":[{"start":{"line":46,"column":4},"end":{"line":48,"column":5}},{"start":{},"end":{}}],"line":46},"1":{"loc":{"start":{"line":63,"column":8},"end":{"line":78,"column":9}},"type":"switch","locations":[{"start":{"line":64,"column":12},"end":{"line":66,"column":22}},{"start":{"line":67,"column":12},"end":{"line":69,"column":22}},{"start":{"line":70,"column":12},"end":{"line":72,"column":22}},{"start":{"line":73,"column":12},"end":{"line":75,"column":22}},{"start":{"line":76,"column":12},"end":{"line":77,"column":54}}],"line":63},"2":{"loc":{"start":{"line":81,"column":8},"end":{"line":83,"column":9}},"type":"if","locations":[{"start":{"line":81,"column":8},"end":{"line":83,"column":9}},{"start":{},"end":{}}],"line":81},"3":{"loc":{"start":{"line":81,"column":12},"end":{"line":81,"column":46}},"type":"binary-expr","locations":[{"start":{"line":81,"column":12},"end":{"line":81,"column":29}},{"start":{"line":81,"column":33},"end":{"line":81,"column":46}}],"line":81},"4":{"loc":{"start":{"line":108,"column":11},"end":{"line":108,"column":55}},"type":"binary-expr","locations":[{"start":{"line":108,"column":11},"end":{"line":108,"column":36}},{"start":{"line":108,"column":40},"end":{"line":108,"column":55}}],"line":108},"5":{"loc":{"start":{"line":117,"column":4},"end":{"line":119,"column":5}},"type":"if","locations":[{"start":{"line":117,"column":4},"end":{"line":119,"column":5}},{"start":{},"end":{}}],"line":117}},"s":{"0":7,"1":6,"2":7,"3":9,"4":3,"5":6,"6":7,"7":7,"8":1,"9":1,"10":1,"11":1,"12":1,"13":1,"14":3,"15":2,"16":1,"17":5,"18":0,"19":5,"20":5,"21":2,"22":11,"23":5,"24":1,"25":4,"26":1},"f":{"0":7,"1":6,"2":7,"3":9,"4":7,"5":11,"6":5},"b":{"0":[3,6],"1":[1,1,1,3,1],"2":[0,5],"3":[5,5],"4":[11,9],"5":[1,4]},"_coverageSchema":"1a1c01bbd47fc00a2c39e90264f33305004495a9","hash":"a9ee0f1ae86e66f35ee9f052a8049f3439ab3ed6"}
}
