TN:
SF:src\calculator.js
FN:14,add
FN:24,subtract
FN:34,multiply
FN:45,divide
FN:59,calculate
FN:107,isValidNumber
FN:116,formatResult
FNF:7
FNH:7
FNDA:7,add
FNDA:6,subtract
FNDA:7,multiply
FNDA:9,divide
FNDA:7,calculate
FNDA:11,isValidNumber
FNDA:5,formatResult
DA:15,7
DA:25,6
DA:35,7
DA:46,9
DA:47,3
DA:49,6
DA:60,7
DA:63,7
DA:65,1
DA:66,1
DA:68,1
DA:69,1
DA:71,1
DA:72,1
DA:74,3
DA:75,2
DA:77,1
DA:81,5
DA:82,0
DA:86,5
DA:88,5
DA:94,2
DA:108,11
DA:117,5
DA:118,1
DA:120,4
DA:124,1
LF:27
LH:26
BRDA:46,0,0,3
BRDA:46,0,1,6
BRDA:63,1,0,1
BRDA:63,1,1,1
BRDA:63,1,2,1
BRDA:63,1,3,3
BRDA:63,1,4,1
BRDA:81,2,0,0
BRDA:81,2,1,5
BRDA:81,3,0,5
BRDA:81,3,1,5
BRDA:108,4,0,11
BRDA:108,4,1,9
BRDA:117,5,0,1
BRDA:117,5,1,4
BRF:15
BRH:14
end_of_record
