TN:
SF:server.js
FN:14,(anonymous_0)
FN:17,(anonymous_1)
FN:20,(anonymous_2)
FN:47,(anonymous_3)
FN:52,(anonymous_4)
FN:60,(anonymous_5)
FN:70,(anonymous_6)
FNF:7
FNH:4
FNDA:23,(anonymous_0)
FNDA:19,(anonymous_1)
FNDA:19,(anonymous_2)
FNDA:0,(anonymous_3)
FNDA:2,(anonymous_4)
FNDA:0,(anonymous_5)
FNDA:0,(anonymous_6)
DA:1,1
DA:2,1
DA:3,1
DA:4,1
DA:7,1
DA:8,1
DA:11,1
DA:14,1
DA:15,23
DA:16,19
DA:17,19
DA:18,19
DA:20,19
DA:21,19
DA:22,19
DA:23,19
DA:25,0
DA:27,18
DA:29,1
DA:37,4
DA:41,1
DA:44,1
DA:47,1
DA:48,0
DA:52,1
DA:53,2
DA:60,1
DA:61,0
DA:62,0
DA:69,1
DA:70,0
DA:71,0
DA:72,0
DA:73,0
DA:78,1
LF:35
LH:27
BRDA:8,0,0,1
BRDA:8,0,1,1
BRDA:15,1,0,19
BRDA:15,1,1,4
BRDA:22,2,0,19
BRDA:22,2,1,0
BRDA:64,3,0,0
BRDA:64,3,1,0
BRDA:69,4,0,0
BRDA:69,4,1,1
BRF:10
BRH:6
end_of_record
TN:
SF:controllers\calculatorController.js
FN:9,validateInput
FN:45,(anonymous_1)
FN:104,(anonymous_2)
FN:116,(anonymous_3)
FNF:4
FNH:4
FNDA:18,validateInput
FNDA:18,(anonymous_1)
FNDA:1,(anonymous_2)
FNDA:1,(anonymous_3)
DA:1,1
DA:4,1
DA:11,18
DA:12,2
DA:15,16
DA:16,3
DA:19,13
DA:20,0
DA:24,13
DA:25,1
DA:30,12
DA:31,0
DA:35,12
DA:36,1
DA:39,11
DA:45,1
DA:46,18
DA:47,18
DA:50,18
DA:51,18
DA:52,7
DA:61,11
DA:63,6
DA:64,6
DA:66,1
DA:67,1
DA:69,2
DA:70,2
DA:72,2
DA:73,2
DA:74,1
DA:80,1
DA:84,10
DA:92,0
DA:93,0
DA:104,1
DA:105,1
DA:116,1
DA:117,1
DA:128,1
LF:40
LH:36
BRDA:11,0,0,2
BRDA:11,0,1,16
BRDA:15,1,0,3
BRDA:15,1,1,13
BRDA:15,2,0,16
BRDA:15,2,1,15
BRDA:19,3,0,0
BRDA:19,3,1,13
BRDA:19,4,0,13
BRDA:19,4,1,13
BRDA:24,5,0,1
BRDA:24,5,1,12
BRDA:24,6,0,13
BRDA:24,6,1,12
BRDA:30,7,0,0
BRDA:30,7,1,12
BRDA:30,8,0,12
BRDA:30,8,1,12
BRDA:30,8,2,12
BRDA:30,8,3,12
BRDA:35,9,0,1
BRDA:35,9,1,11
BRDA:51,10,0,7
BRDA:51,10,1,11
BRDA:61,11,0,6
BRDA:61,11,1,1
BRDA:61,11,2,2
BRDA:61,11,3,2
BRDA:73,12,0,1
BRDA:73,12,1,1
BRF:30
BRH:28
end_of_record
TN:
SF:routes\calculatorRoutes.js
FNF:0
FNH:0
DA:1,1
DA:2,1
DA:3,1
DA:13,1
DA:20,1
DA:27,1
DA:29,1
LF:7
LH:7
BRF:0
BRH:0
end_of_record
TN:
SF:src\calculator.js
FN:19,(anonymous_0)
FN:29,(anonymous_1)
FN:39,(anonymous_2)
FN:49,(anonymous_3)
FNF:4
FNH:4
FNDA:11,(anonymous_0)
FNDA:5,(anonymous_1)
FNDA:7,(anonymous_2)
FNDA:9,(anonymous_3)
DA:20,11
DA:30,5
DA:40,7
DA:50,9
DA:51,4
DA:53,5
DA:57,2
LF:7
LH:7
BRDA:50,0,0,4
BRDA:50,0,1,5
BRF:2
BRH:2
end_of_record
